\BOOKMARK [1][-]{section.1}{Introduction}{}% 1
\BOOKMARK [1][-]{section.2}{Restricted Likelihood}{}% 2
\BOOKMARK [2][-]{subsection.2.1}{Examples}{section.2}% 3
\BOOKMARK [2][-]{subsection.2.2}{Generalization}{section.2}% 4
\BOOKMARK [2][-]{subsection.2.3}{Literature review}{section.2}% 5
\BOOKMARK [1][-]{section.3}{Illustrative Examples}{}% 6
\BOOKMARK [1][-]{section.4}{Restricted Likelihood for the Linear Model}{}% 7
\BOOKMARK [2][-]{subsection.4.1}{The Bayesian linear model}{section.4}% 8
\BOOKMARK [2][-]{subsection.4.2}{Computational strategy}{section.4}% 9
\BOOKMARK [3][-]{section*.1}{Construction of the proposal}{subsection.4.2}% 10
\BOOKMARK [3][-]{section*.2}{Evaluation of the proposal density}{subsection.4.2}% 11
\BOOKMARK [1][-]{section.5}{Simulated Data}{}% 12
\BOOKMARK [1][-]{section.6}{Real Data}{}% 13
\BOOKMARK [2][-]{subsection.6.1}{Regression model}{section.6}% 14
\BOOKMARK [3][-]{section*.3}{Method of model comparison}{subsection.6.1}% 15
\BOOKMARK [3][-]{section*.4}{Comparison of predictive performance}{subsection.6.1}% 16
\BOOKMARK [2][-]{subsection.6.2}{Hierarchical regression model}{section.6}% 17
\BOOKMARK [1][-]{section.7}{Discussion}{}% 18
\BOOKMARK [1][-]{section.8}{Appendix}{}% 19
\BOOKMARK [2][-]{subsection.8.1}{Proofs}{section.8}% 20
\BOOKMARK [2][-]{subsection.8.2}{Setting the hierarchical prior values}{section.8}% 21
\BOOKMARK [1][-]{section*.6}{References}{}% 22
