This is pdfTeX, Version 3.14159265-2.6-1.40.16 (TeX Live 2015) (preloaded format=pdflatex 2015.5.24)  20 JUL 2018 12:22
entering extended mode
 \write18 enabled.
 %&-line parsing enabled.
**paper.tex
(./paper.tex
LaTeX2e <2015/01/01>
Babel <3.9l> and hyphenation patterns for 79 languages loaded.
(/usr/local/texlive/2015/texmf-dist/tex/latex/base/article.cls
Document Class: article 2014/09/29 v1.4h Standard LaTeX document class
(/usr/local/texlive/2015/texmf-dist/tex/latex/base/size12.clo
File: size12.clo 2014/09/29 v1.4h Standard LaTeX file (size option)
)
\c@part=\count79
\c@section=\count80
\c@subsection=\count81
\c@subsubsection=\count82
\c@paragraph=\count83
\c@subparagraph=\count84
\c@figure=\count85
\c@table=\count86
\abovecaptionskip=\skip41
\belowcaptionskip=\skip42
\bibindent=\dimen102
)
(/usr/local/texlive/2015/texmf-dist/tex/latex/preprint/fullpage.sty
Package: fullpage 1999/02/23 1.1 (PWD)
\FP@margin=\skip43
)
(/usr/local/texlive/2015/texmf-dist/tex/latex/amsmath/amsmath.sty
Package: amsmath 2013/01/14 v2.14 AMS math features
\@mathmargin=\skip44

For additional information on amsmath, use the `?' option.
(/usr/local/texlive/2015/texmf-dist/tex/latex/amsmath/amstext.sty
Package: amstext 2000/06/29 v2.01

(/usr/local/texlive/2015/texmf-dist/tex/latex/amsmath/amsgen.sty
File: amsgen.sty 1999/11/30 v2.0
\@emptytoks=\toks14
\ex@=\dimen103
))
(/usr/local/texlive/2015/texmf-dist/tex/latex/amsmath/amsbsy.sty
Package: amsbsy 1999/11/29 v1.2d
\pmbraise@=\dimen104
)
(/usr/local/texlive/2015/texmf-dist/tex/latex/amsmath/amsopn.sty
Package: amsopn 1999/12/14 v2.01 operator names
)
\inf@bad=\count87
LaTeX Info: Redefining \frac on input line 210.
\uproot@=\count88
\leftroot@=\count89
LaTeX Info: Redefining \overline on input line 306.
\classnum@=\count90
\DOTSCASE@=\count91
LaTeX Info: Redefining \ldots on input line 378.
LaTeX Info: Redefining \dots on input line 381.
LaTeX Info: Redefining \cdots on input line 466.
\Mathstrutbox@=\box26
\strutbox@=\box27
\big@size=\dimen105
LaTeX Font Info:    Redeclaring font encoding OML on input line 566.
LaTeX Font Info:    Redeclaring font encoding OMS on input line 567.
\macc@depth=\count92
\c@MaxMatrixCols=\count93
\dotsspace@=\muskip10
\c@parentequation=\count94
\dspbrk@lvl=\count95
\tag@help=\toks15
\row@=\count96
\column@=\count97
\maxfields@=\count98
\andhelp@=\toks16
\eqnshift@=\dimen106
\alignsep@=\dimen107
\tagshift@=\dimen108
\tagwidth@=\dimen109
\totwidth@=\dimen110
\lineht@=\dimen111
\@envbody=\toks17
\multlinegap=\skip45
\multlinetaggap=\skip46
\mathdisplay@stack=\toks18
LaTeX Info: Redefining \[ on input line 2665.
LaTeX Info: Redefining \] on input line 2666.
)
(/usr/local/texlive/2015/texmf-dist/tex/latex/setspace/setspace.sty
Package: setspace 2011/12/19 v6.7a set line spacing
)
(/usr/local/texlive/2015/texmf-dist/tex/latex/graphics/graphicx.sty
Package: graphicx 2014/10/28 v1.0g Enhanced LaTeX Graphics (DPC,SPQR)

(/usr/local/texlive/2015/texmf-dist/tex/latex/graphics/keyval.sty
Package: keyval 2014/10/28 v1.15 key=value parser (DPC)
\KV@toks@=\toks19
)
(/usr/local/texlive/2015/texmf-dist/tex/latex/graphics/graphics.sty
Package: graphics 2014/10/28 v1.0p Standard LaTeX Graphics (DPC,SPQR)

(/usr/local/texlive/2015/texmf-dist/tex/latex/graphics/trig.sty
Package: trig 1999/03/16 v1.09 sin cos tan (DPC)
)
(/usr/local/texlive/2015/texmf-dist/tex/latex/latexconfig/graphics.cfg
File: graphics.cfg 2010/04/23 v1.9 graphics configuration of TeX Live
)
Package graphics Info: Driver file: pdftex.def on input line 94.

(/usr/local/texlive/2015/texmf-dist/tex/latex/pdftex-def/pdftex.def
File: pdftex.def 2011/05/27 v0.06d Graphics/color for pdfTeX

(/usr/local/texlive/2015/texmf-dist/tex/generic/oberdiek/infwarerr.sty
Package: infwarerr 2010/04/08 v1.3 Providing info/warning/error messages (HO)
)
(/usr/local/texlive/2015/texmf-dist/tex/generic/oberdiek/ltxcmds.sty
Package: ltxcmds 2011/11/09 v1.22 LaTeX kernel commands for general use (HO)
)
\Gread@gobject=\count99
))
\Gin@req@height=\dimen112
\Gin@req@width=\dimen113
)
(/usr/local/texlive/2015/texmf-dist/tex/latex/psfrag/psfrag.sty
Package: psfrag 1998/04/11 v3.04 PSfrag (MCG)
\pfg@pcount=\count100
\pfg@scount=\count101
\pfg@temp=\write3
)
(/usr/local/texlive/2015/texmf-dist/tex/latex/amsfonts/amsfonts.sty
Package: amsfonts 2013/01/14 v3.01 Basic AMSFonts support
\symAMSa=\mathgroup4
\symAMSb=\mathgroup5
LaTeX Font Info:    Overwriting math alphabet `\mathfrak' in version `bold'
(Font)                  U/euf/m/n --> U/euf/b/n on input line 106.
)
(/usr/local/texlive/2015/texmf-dist/tex/latex/float/float.sty
Package: float 2001/11/08 v1.3d Float enhancements (AL)
\c@float@type=\count102
\float@exts=\toks20
\float@box=\box28
\@float@everytoks=\toks21
\@floatcapt=\box29
)
(/usr/local/texlive/2015/texmf-dist/tex/latex/natbib/natbib.sty
Package: natbib 2010/09/13 8.31b (PWD, AO)
\bibhang=\skip47
\bibsep=\skip48
LaTeX Info: Redefining \cite on input line 694.
\c@NAT@ctr=\count103
)
(/usr/local/texlive/2015/texmf-dist/tex/latex/amscls/amsthm.sty
Package: amsthm 2015/03/04 v2.20.2
\thm@style=\toks22
\thm@bodyfont=\toks23
\thm@headfont=\toks24
\thm@notefont=\toks25
\thm@headpunct=\toks26
\thm@preskip=\skip49
\thm@postskip=\skip50
\thm@headsep=\skip51
\dth@everypar=\toks27
)
(/usr/local/texlive/2015/texmf-dist/tex/latex/multirow/multirow.sty
\bigstrutjot=\dimen114
)
(/usr/local/texlive/2015/texmf-dist/tex/latex/tools/hhline.sty
Package: hhline 2014/10/28 v2.03 Table rule package (DPC)
)
(/Users/john/Library/texmf/tex/latex/caption/subcaption.sty
Package: subcaption 2013/04/16 v1.1-75 Sub-captions (AR)

(/Users/john/Library/texmf/tex/latex/caption/caption.sty
Package: caption 2013/05/02 v3.3-89 Customizing captions (AR)

(/Users/john/Library/texmf/tex/latex/caption/caption3.sty
Package: caption3 2013/05/02 v1.6-88 caption3 kernel (AR)
Package caption3 Info: TeX engine: e-TeX on input line 57.
\captionmargin=\dimen115
\captionmargin@=\dimen116
\captionwidth=\dimen117
\caption@tempdima=\dimen118
\caption@indent=\dimen119
\caption@parindent=\dimen120
\caption@hangindent=\dimen121
)
\c@ContinuedFloat=\count104
Package caption Info: float package is loaded.
)
\c@subfigure=\count105
\c@subtable=\count106
)
(/usr/local/texlive/2015/texmf-dist/tex/latex/rotating/rotating.sty
Package: rotating 2009/03/28 v2.16a rotated objects in LaTeX

(/usr/local/texlive/2015/texmf-dist/tex/latex/base/ifthen.sty
Package: ifthen 2014/09/29 v1.1c Standard LaTeX ifthen package (DPC)
)
\c@r@tfl@t=\count107
\rotFPtop=\skip52
\rotFPbot=\skip53
\rot@float@box=\box30
\rot@mess@toks=\toks28
)
(/usr/local/texlive/2015/texmf-dist/tex/latex/graphics/color.sty
Package: color 2014/10/28 v1.1a Standard LaTeX Color (DPC)

(/usr/local/texlive/2015/texmf-dist/tex/latex/latexconfig/color.cfg
File: color.cfg 2007/01/18 v1.5 color configuration of teTeX/TeXLive
)
Package color Info: Driver file: pdftex.def on input line 142.

(/usr/local/texlive/2015/texmf-dist/tex/latex/graphics/dvipsnam.def
File: dvipsnam.def 2014/10/14 v3.0j Driver-dependent file (DPC,SPQR)
))
\c@theorem=\count108

(/usr/local/texlive/2015/texmf-dist/tex/generic/ulem/ulem.sty
\UL@box=\box31
\UL@hyphenbox=\box32
\UL@skip=\skip54
\UL@hook=\toks29
\UL@height=\dimen122
\UL@pe=\count109
\UL@pixel=\dimen123
\ULC@box=\box33
Package: ulem 2012/05/18
\ULdepth=\dimen124
) (./paper.aux)
\openout1 = `paper.aux'.

LaTeX Font Info:    Checking defaults for OML/cmm/m/it on input line 162.
LaTeX Font Info:    ... okay on input line 162.
LaTeX Font Info:    Checking defaults for T1/cmr/m/n on input line 162.
LaTeX Font Info:    ... okay on input line 162.
LaTeX Font Info:    Checking defaults for OT1/cmr/m/n on input line 162.
LaTeX Font Info:    ... okay on input line 162.
LaTeX Font Info:    Checking defaults for OMS/cmsy/m/n on input line 162.
LaTeX Font Info:    ... okay on input line 162.
LaTeX Font Info:    Checking defaults for OMX/cmex/m/n on input line 162.
LaTeX Font Info:    ... okay on input line 162.
LaTeX Font Info:    Checking defaults for U/cmr/m/n on input line 162.
LaTeX Font Info:    ... okay on input line 162.

(/usr/local/texlive/2015/texmf-dist/tex/context/base/supp-pdf.mkii
[Loading MPS to PDF converter (version 2006.09.02).]
\scratchcounter=\count110
\scratchdimen=\dimen125
\scratchbox=\box34
\nofMPsegments=\count111
\nofMParguments=\count112
\everyMPshowfont=\toks30
\MPscratchCnt=\count113
\MPscratchDim=\dimen126
\MPnumerator=\count114
\makeMPintoPDFobject=\count115
\everyMPtoPDFconversion=\toks31
) (/usr/local/texlive/2015/texmf-dist/tex/generic/oberdiek/pdftexcmds.sty
Package: pdftexcmds 2011/11/29 v0.20 Utility functions of pdfTeX for LuaTeX (HO
)

(/usr/local/texlive/2015/texmf-dist/tex/generic/oberdiek/ifluatex.sty
Package: ifluatex 2010/03/01 v1.3 Provides the ifluatex switch (HO)
Package ifluatex Info: LuaTeX not detected.
)
(/usr/local/texlive/2015/texmf-dist/tex/generic/oberdiek/ifpdf.sty
Package: ifpdf 2011/01/30 v2.3 Provides the ifpdf switch (HO)
Package ifpdf Info: pdfTeX in PDF mode is detected.
)
Package pdftexcmds Info: LuaTeX not detected.
Package pdftexcmds Info: \pdf@primitive is available.
Package pdftexcmds Info: \pdf@ifprimitive is available.
Package pdftexcmds Info: \pdfdraftmode found.
)
(/usr/local/texlive/2015/texmf-dist/tex/latex/oberdiek/epstopdf-base.sty
Package: epstopdf-base 2010/02/09 v2.5 Base part for package epstopdf

(/usr/local/texlive/2015/texmf-dist/tex/latex/oberdiek/grfext.sty
Package: grfext 2010/08/19 v1.1 Manage graphics extensions (HO)

(/usr/local/texlive/2015/texmf-dist/tex/generic/oberdiek/kvdefinekeys.sty
Package: kvdefinekeys 2011/04/07 v1.3 Define keys (HO)
))
(/usr/local/texlive/2015/texmf-dist/tex/latex/oberdiek/kvoptions.sty
Package: kvoptions 2011/06/30 v3.11 Key value format for package options (HO)

(/usr/local/texlive/2015/texmf-dist/tex/generic/oberdiek/kvsetkeys.sty
Package: kvsetkeys 2012/04/25 v1.16 Key value parser (HO)

(/usr/local/texlive/2015/texmf-dist/tex/generic/oberdiek/etexcmds.sty
Package: etexcmds 2011/02/16 v1.5 Avoid name clashes with e-TeX commands (HO)
Package etexcmds Info: Could not find \expanded.
(etexcmds)             That can mean that you are not using pdfTeX 1.50 or
(etexcmds)             that some package has redefined \expanded.
(etexcmds)             In the latter case, load this package earlier.
)))
Package grfext Info: Graphics extension search list:
(grfext)             [.png,.pdf,.jpg,.mps,.jpeg,.jbig2,.jb2,.PNG,.PDF,.JPG,.JPE
G,.JBIG2,.JB2,.eps]
(grfext)             \AppendGraphicsExtensions on input line 452.

(/usr/local/texlive/2015/texmf-dist/tex/latex/latexconfig/epstopdf-sys.cfg
File: epstopdf-sys.cfg 2010/07/13 v1.3 Configuration of (r)epstopdf for TeX Liv
e
))
Package caption Info: Begin \AtBeginDocument code.
Package caption Info: rotating package is loaded.
Package caption Info: End \AtBeginDocument code.
LaTeX Font Info:    Try loading font information for U+msa on input line 164.

(/usr/local/texlive/2015/texmf-dist/tex/latex/amsfonts/umsa.fd
File: umsa.fd 2013/01/14 v3.01 AMS symbols A
)
LaTeX Font Info:    Try loading font information for U+msb on input line 164.

(/usr/local/texlive/2015/texmf-dist/tex/latex/amsfonts/umsb.fd
File: umsb.fd 2013/01/14 v3.01 AMS symbols B
)
LaTeX Font Info:    Try loading font information for OMS+cmr on input line 164.


(/usr/local/texlive/2015/texmf-dist/tex/latex/base/omscmr.fd
File: omscmr.fd 2014/09/29 v2.5h Standard LaTeX font definitions
)
LaTeX Font Info:    Font shape `OMS/cmr/m/n' in size <10> not available
(Font)              Font shape `OMS/cmsy/m/n' tried instead on input line 164.
LaTeX Font Info:    Font shape `OMS/cmr/m/n' in size <7> not available
(Font)              Font shape `OMS/cmsy/m/n' tried instead on input line 164.

pdfTeX warning (Object streams): \pdfobjcompresslevel > 0 requires \pdfminorver
sion > 4. Object streams disabled now.
[1
Non-PDF special ignored!

{/usr/local/texlive/2015/texmf-var/fonts/map/pdftex/updmap/pdftex.map}]
Overfull \hbox (0.56279pt too wide) in paragraph at lines 195--197
\OT1/cmr/m/n/10.95 KEYWORDS: Ap-prox-i-mate Bayesian com-pu-ta-tion, Markov cha
in Monte Carlo,
 []

[2] [3] [4] [5] [6] [7] [8] [9] [10] [11] [12]
<figures/posteriorBetaNewcombDataParamSet2trim_2.pdf, id=54, 505.89pt x 505.89p
t>
File: figures/posteriorBetaNewcombDataParamSet2trim_2.pdf Graphic file (type pd
f)
 <use figures/posteriorBetaNewcombDataParamSet2trim_2.pdf>
Package pdftex.def Info: figures/posteriorBetaNewcombDataParamSet2trim_2.pdf us
ed on input line 517.
(pdftex.def)             Requested size: 245.71754pt x 245.71915pt.

<figures/posteriorSigma2NewcombDataParamSet2trim_2.pdf, id=55, 505.89pt x 505.8
9pt>
File: figures/posteriorSigma2NewcombDataParamSet2trim_2.pdf Graphic file (type 
pdf)
 <use figures/posteriorSigma2NewcombDataParamSet2trim_2.pdf>
Package pdftex.def Info: figures/posteriorSigma2NewcombDataParamSet2trim_2.pdf 
used on input line 518.
(pdftex.def)             Requested size: 245.71754pt x 245.71915pt.

<figures/logpredDistParamset2nu5trim_2.pdf, id=56, 505.89pt x 505.89pt>
File: figures/logpredDistParamset2nu5trim_2.pdf Graphic file (type pdf)

<use figures/logpredDistParamset2nu5trim_2.pdf>
Package pdftex.def Info: figures/logpredDistParamset2nu5trim_2.pdf used on inpu
t line 519.
(pdftex.def)             Requested size: 245.71754pt x 245.71915pt.
 [13] [14 <./figures/posteriorBetaNewcombDataParamSet2trim_2.pdf> <./figures/po
steriorSigma2NewcombDataParamSet2trim_2.pdf> <./figures/logpredDistParamset2nu5
trim_2.pdf>] [15]
Overfull \hbox (24.02957pt too wide) in paragraph at lines 676--688
[]\OT1/cmr/m/n/12 For a typ-i-cal model and con-di-tion-ing statis-tic, the sec
-ond full con-di-tional $\OML/cmm/m/it/12 f\OT1/cmr/m/n/12 ([]\OMS/cmsy/m/n/12 
j[]\OML/cmm/m/it/12 ; T\OT1/cmr/m/n/12 ([]) =
 []

[16] [17] [18] [19]
<figures/minSS3dSampleSpace.jpg, id=99, 387.69844pt x 411.78844pt>
File: figures/minSS3dSampleSpace.jpg Graphic file (type jpg)

<use figures/minSS3dSampleSpace.jpg>
Package pdftex.def Info: figures/minSS3dSampleSpace.jpg used on input line 814.

(pdftex.def)             Requested size: 289.07999pt x 307.04979pt.
 [20] [21 <./figures/minSS3dSampleSpace.jpg>] [22] [23]

pdfTeX warning: /Library/TeX/texbin/pdflatex (file ./figures/minSSZSpace3.pdf):
 PDF inclusion: found PDF version <1.6>, but at most version <1.4> allowed
<figures/minSSZSpace3.pdf, id=115, 505.89pt x 505.89pt>
File: figures/minSSZSpace3.pdf Graphic file (type pdf)

<use figures/minSSZSpace3.pdf>
Package pdftex.def Info: figures/minSSZSpace3.pdf used on input line 925.
(pdftex.def)             Requested size: 289.07999pt x 289.08589pt.


pdfTeX warning: /Library/TeX/texbin/pdflatex (file ./figures/minSSZSpace5.pdf):
 PDF inclusion: found PDF version <1.6>, but at most version <1.4> allowed
<figures/minSSZSpace5.pdf, id=116, 505.89pt x 505.89pt>
File: figures/minSSZSpace5.pdf Graphic file (type pdf)

<use figures/minSSZSpace5.pdf>
Package pdftex.def Info: figures/minSSZSpace5.pdf used on input line 926.
(pdftex.def)             Requested size: 289.07999pt x 289.08589pt.
 [24] [25] [26] [27]
<figs/mse_sim2_facet_scale.png, id=130, 1793.70125pt x 1224.575pt>
File: figs/mse_sim2_facet_scale.png Graphic file (type png)

<use figs/mse_sim2_facet_scale.png>
Package pdftex.def Info: figs/mse_sim2_facet_scale.png used on input line 1067.

(pdftex.def)             Requested size: 538.11453pt x 367.37534pt.

Overfull \hbox (104.49454pt too wide) in paragraph at lines 1067--1068
 [][] 
 []

[28] <figs/mse_sim2_facet_as.png, id=135, 1793.70125pt x 1224.575pt>
File: figs/mse_sim2_facet_as.png Graphic file (type png)

<use figs/mse_sim2_facet_as.png>
Package pdftex.def Info: figs/mse_sim2_facet_as.png used on input line 1073.
(pdftex.def)             Requested size: 538.11453pt x 367.37534pt.

Overfull \hbox (104.49454pt too wide) in paragraph at lines 1073--1074
 [][] 
 []

[29 <./figs/mse_sim2_facet_scale.png>]
<figs/kl_sim2_facet_scale.png, id=140, 1793.70125pt x 1630.09pt>
File: figs/kl_sim2_facet_scale.png Graphic file (type png)

<use figs/kl_sim2_facet_scale.png>
Package pdftex.def Info: figs/kl_sim2_facet_scale.png used on input line 1083.
(pdftex.def)             Requested size: 538.11453pt x 489.03078pt.

Overfull \hbox (104.49454pt too wide) in paragraph at lines 1083--1084
 [][] 
 []

[30 <./figs/mse_sim2_facet_as.png>]
<figs/kl_sim2_facet_as.png, id=145, 1793.70125pt x 1630.09pt>
File: figs/kl_sim2_facet_as.png Graphic file (type png)

<use figs/kl_sim2_facet_as.png>
Package pdftex.def Info: figs/kl_sim2_facet_as.png used on input line 1089.
(pdftex.def)             Requested size: 538.11453pt x 489.03078pt.

Overfull \hbox (104.49454pt too wide) in paragraph at lines 1089--1090
 [][] 
 []

[31 <./figs/kl_sim2_facet_scale.png>] [32 <./figs/kl_sim2_facet_as.png>]
<figs/hist_sig2_ests.png, id=155, 2905.85625pt x 2178.1375pt>
File: figs/hist_sig2_ests.png Graphic file (type png)

<use figs/hist_sig2_ests.png>
Package pdftex.def Info: figs/hist_sig2_ests.png used on input line 1096.
(pdftex.def)             Requested size: 871.76363pt x 653.4463pt.

Overfull \hbox (438.14363pt too wide) in paragraph at lines 1096--1097
 [][] 
 []

[33]
Overfull \vbox (33.0163pt too high) has occurred while \output is active []


[34 <./figs/hist_sig2_ests.png>] [35]
<figures/countvcount.pdf, id=166, 505.89pt x 505.89pt>
File: figures/countvcount.pdf Graphic file (type pdf)

<use figures/countvcount.pdf>
Package pdftex.def Info: figures/countvcount.pdf used on input line 1141.
(pdftex.def)             Requested size: 289.07999pt x 289.08589pt.
 [36] [37] [38]
<figures/logMargType1AgenciesBaseModelt.pdf, id=177, page=1, 578.16pt x 505.89p
t>
File: figures/logMargType1AgenciesBaseModelt.pdf Graphic file (type pdf)
 <use figures/logMargType1AgenciesBaseModelt.pdf, page 1>
Package pdftex.def Info: figures/logMargType1AgenciesBaseModelt.pdf, page1 used
 on input line 1218.
(pdftex.def)             Requested size: 245.71033pt x 238.49393pt.

<figures/logMargType1AgenciesBaseModelt.pdf, id=178, page=2, 578.16pt x 505.89p
t>
File: figures/logMargType1AgenciesBaseModelt.pdf Graphic file (type pdf)
 <use figures/logMargType1AgenciesBaseModelt.pdf, page 2>
Package pdftex.def Info: figures/logMargType1AgenciesBaseModelt.pdf, page2 used
 on input line 1219.
(pdftex.def)             Requested size: 245.71033pt x 238.49393pt.

<figures/logMargType1AgenciesBaseModelt.pdf, id=179, page=3, 578.16pt x 505.89p
t>
File: figures/logMargType1AgenciesBaseModelt.pdf Graphic file (type pdf)
 <use figures/logMargType1AgenciesBaseModelt.pdf, page 3>
Package pdftex.def Info: figures/logMargType1AgenciesBaseModelt.pdf, page3 used
 on input line 1220.
(pdftex.def)             Requested size: 245.71033pt x 238.49393pt.
 [39] [40] [41]
<figures/hierlogMargType1AgenciesBaseModelt.pdf, id=189, page=1, 578.16pt x 505
.89pt>
File: figures/hierlogMargType1AgenciesBaseModelt.pdf Graphic file (type pdf)
 <use figures/hierlogMargType1AgenciesBaseModelt.pdf, page 1>
Package pdftex.def Info: figures/hierlogMargType1AgenciesBaseModelt.pdf, page1 
used on input line 1302.
(pdftex.def)             Requested size: 289.07999pt x 252.94437pt.

<figures/hierlogMargType1AgenciesBaseModelt.pdf, id=190, page=2, 578.16pt x 505
.89pt>
File: figures/hierlogMargType1AgenciesBaseModelt.pdf Graphic file (type pdf)
 <use figures/hierlogMargType1AgenciesBaseModelt.pdf, page 2>
Package pdftex.def Info: figures/hierlogMargType1AgenciesBaseModelt.pdf, page2 
used on input line 1303.
(pdftex.def)             Requested size: 289.07999pt x 252.94437pt.
 [42]
[43] [44] [45]
Overfull \hbox (5.34499pt too wide) in paragraph at lines 1406--1412
\OT1/cmr/m/n/12 Thus, by the chain rule $\OMS/cmsy/m/n/12 r\OML/cmm/m/it/12 s\O
T1/cmr/m/n/12 (\OML/cmm/m/it/12 X; []\OT1/cmr/m/n/12 ) = \OML/cmm/m/it/12 Q\OMS
/cmsy/m/n/12 r\OML/cmm/m/it/12 s\OT1/cmr/m/n/12 (\OML/cmm/m/it/12 X; Q[]\OT1/cm
r/m/n/12 ) = \OML/cmm/m/it/12 Q\OMS/cmsy/m/n/12 r\OML/cmm/m/it/12 s\OT1/cmr/m/n
/12 (\OML/cmm/m/it/12 X; []\OT1/cmr/m/n/12 )$. Hence $\OML/cmm/m/it/12 X[]\OMS/
cmsy/m/n/12 r\OML/cmm/m/it/12 s\OT1/cmr/m/n/12 (\OML/cmm/m/it/12 X; []\OT1/cmr/
m/n/12 ) =
 []

[46] [47] [48] [49] (./paper.bbl [50]
Underfull \hbox (badness 5036) in paragraph at lines 58--61
[]\OT1/cmr/m/n/12 Gelman, A., Car-lin, J. B., Stern, H. S., and Ru-bin, D. B. (
2004).
 []

Missing character: There is no â in font cmr12!
Missing character: There is no € in font cmr12!
Missing character: There is no “ in font cmr12!
[51] [52] [53]) [54] [55 <./figures/minSSZSpace3.pdf> <./figures/minSSZSpace5.p
df>] [56 <./figures/countvcount.pdf>] [57 <./figures/logMargType1AgenciesBaseMo
delt.pdf> <./figures/logMargType1AgenciesBaseModelt.pdf> <./figures/logMargType
1AgenciesBaseModelt.pdf>] [58 <./figures/hierlogMargType1AgenciesBaseModelt.pdf
> <./figures/hierlogMargType1AgenciesBaseModelt.pdf>] (./paper.aux) ) 
Here is how much of TeX's memory you used:
 4697 strings out of 493089
 70500 string characters out of 6134842
 145222 words of memory out of 5000000
 8062 multiletter control sequences out of 15000+600000
 19035 words of font info for 72 fonts, out of 8000000 for 9000
 1141 hyphenation exceptions out of 8191
 42i,15n,40p,1531b,555s stack positions out of 5000i,500n,10000p,200000b,80000s
</usr/loca
l/texlive/2015/texmf-dist/fonts/type1/public/amsfonts/cm/cmbx10.pfb></usr/local
/texlive/2015/texmf-dist/fonts/type1/public/amsfonts/cm/cmbx12.pfb></usr/local/
texlive/2015/texmf-dist/fonts/type1/public/amsfonts/cm/cmex10.pfb></usr/local/t
exlive/2015/texmf-dist/fonts/type1/public/amsfonts/cm/cmmi10.pfb></usr/local/te
xlive/2015/texmf-dist/fonts/type1/public/amsfonts/cm/cmmi12.pfb></usr/local/tex
live/2015/texmf-dist/fonts/type1/public/amsfonts/cm/cmmi6.pfb></usr/local/texli
ve/2015/texmf-dist/fonts/type1/public/amsfonts/cm/cmmi8.pfb></usr/local/texlive
/2015/texmf-dist/fonts/type1/public/amsfonts/cm/cmmib10.pfb></usr/local/texlive
/2015/texmf-dist/fonts/type1/public/amsfonts/cmextra/cmmib8.pfb></usr/local/tex
live/2015/texmf-dist/fonts/type1/public/amsfonts/cm/cmr10.pfb></usr/local/texli
ve/2015/texmf-dist/fonts/type1/public/amsfonts/cm/cmr12.pfb></usr/local/texlive
/2015/texmf-dist/fonts/type1/public/amsfonts/cm/cmr17.pfb></usr/local/texlive/2
015/texmf-dist/fonts/type1/public/amsfonts/cm/cmr8.pfb></usr/local/texlive/2015
/texmf-dist/fonts/type1/public/amsfonts/cm/cmsy10.pfb></usr/local/texlive/2015/
texmf-dist/fonts/type1/public/amsfonts/cm/cmsy6.pfb></usr/local/texlive/2015/te
xmf-dist/fonts/type1/public/amsfonts/cm/cmsy7.pfb></usr/local/texlive/2015/texm
f-dist/fonts/type1/public/amsfonts/cm/cmsy8.pfb></usr/local/texlive/2015/texmf-
dist/fonts/type1/public/amsfonts/cm/cmti10.pfb></usr/local/texlive/2015/texmf-d
ist/fonts/type1/public/amsfonts/cm/cmti12.pfb></usr/local/texlive/2015/texmf-di
st/fonts/type1/public/amsfonts/cm/cmtt12.pfb></usr/local/texlive/2015/texmf-dis
t/fonts/type1/public/amsfonts/symbols/msbm10.pfb>
Output written on paper.pdf (58 pages, 1372737 bytes).
PDF statistics:
 357 PDF objects out of 1000 (max. 8388607)
 0 named destinations out of 1000 (max. 500000)
 86 words of extra memory for PDF output out of 10000 (max. 10000000)

