This is pdfTeX, Version 3.14159265-2.6-1.40.16 (TeX Live 2015) (preloaded format=pdflatex 2015.5.24)  18 DEC 2018 19:24
entering extended mode
 \write18 enabled.
 %&-line parsing enabled.
**paper_arxiv.tex
(./paper_arxiv.tex
LaTeX2e <2015/01/01>
Babel <3.9l> and hyphenation patterns for 79 languages loaded.
(/usr/local/texlive/2015/texmf-dist/tex/latex/base/article.cls
Document Class: article 2014/09/29 v1.4h Standard LaTeX document class
(/usr/local/texlive/2015/texmf-dist/tex/latex/base/size12.clo
File: size12.clo 2014/09/29 v1.4h Standard LaTeX file (size option)
)
\c@part=\count79
\c@section=\count80
\c@subsection=\count81
\c@subsubsection=\count82
\c@paragraph=\count83
\c@subparagraph=\count84
\c@figure=\count85
\c@table=\count86
\abovecaptionskip=\skip41
\belowcaptionskip=\skip42
\bibindent=\dimen102
)
(/usr/local/texlive/2015/texmf-dist/tex/latex/preprint/fullpage.sty
Package: fullpage 1999/02/23 1.1 (PWD)
\FP@margin=\skip43
)
(/usr/local/texlive/2015/texmf-dist/tex/latex/amsmath/amsmath.sty
Package: amsmath 2013/01/14 v2.14 AMS math features
\@mathmargin=\skip44

For additional information on amsmath, use the `?' option.
(/usr/local/texlive/2015/texmf-dist/tex/latex/amsmath/amstext.sty
Package: amstext 2000/06/29 v2.01

(/usr/local/texlive/2015/texmf-dist/tex/latex/amsmath/amsgen.sty
File: amsgen.sty 1999/11/30 v2.0
\@emptytoks=\toks14
\ex@=\dimen103
))
(/usr/local/texlive/2015/texmf-dist/tex/latex/amsmath/amsbsy.sty
Package: amsbsy 1999/11/29 v1.2d
\pmbraise@=\dimen104
)
(/usr/local/texlive/2015/texmf-dist/tex/latex/amsmath/amsopn.sty
Package: amsopn 1999/12/14 v2.01 operator names
)
\inf@bad=\count87
LaTeX Info: Redefining \frac on input line 210.
\uproot@=\count88
\leftroot@=\count89
LaTeX Info: Redefining \overline on input line 306.
\classnum@=\count90
\DOTSCASE@=\count91
LaTeX Info: Redefining \ldots on input line 378.
LaTeX Info: Redefining \dots on input line 381.
LaTeX Info: Redefining \cdots on input line 466.
\Mathstrutbox@=\box26
\strutbox@=\box27
\big@size=\dimen105
LaTeX Font Info:    Redeclaring font encoding OML on input line 566.
LaTeX Font Info:    Redeclaring font encoding OMS on input line 567.
\macc@depth=\count92
\c@MaxMatrixCols=\count93
\dotsspace@=\muskip10
\c@parentequation=\count94
\dspbrk@lvl=\count95
\tag@help=\toks15
\row@=\count96
\column@=\count97
\maxfields@=\count98
\andhelp@=\toks16
\eqnshift@=\dimen106
\alignsep@=\dimen107
\tagshift@=\dimen108
\tagwidth@=\dimen109
\totwidth@=\dimen110
\lineht@=\dimen111
\@envbody=\toks17
\multlinegap=\skip45
\multlinetaggap=\skip46
\mathdisplay@stack=\toks18
LaTeX Info: Redefining \[ on input line 2665.
LaTeX Info: Redefining \] on input line 2666.
)
(/usr/local/texlive/2015/texmf-dist/tex/latex/setspace/setspace.sty
Package: setspace 2011/12/19 v6.7a set line spacing
)
(/usr/local/texlive/2015/texmf-dist/tex/latex/graphics/graphicx.sty
Package: graphicx 2014/10/28 v1.0g Enhanced LaTeX Graphics (DPC,SPQR)

(/usr/local/texlive/2015/texmf-dist/tex/latex/graphics/keyval.sty
Package: keyval 2014/10/28 v1.15 key=value parser (DPC)
\KV@toks@=\toks19
)
(/usr/local/texlive/2015/texmf-dist/tex/latex/graphics/graphics.sty
Package: graphics 2014/10/28 v1.0p Standard LaTeX Graphics (DPC,SPQR)

(/usr/local/texlive/2015/texmf-dist/tex/latex/graphics/trig.sty
Package: trig 1999/03/16 v1.09 sin cos tan (DPC)
)
(/usr/local/texlive/2015/texmf-dist/tex/latex/latexconfig/graphics.cfg
File: graphics.cfg 2010/04/23 v1.9 graphics configuration of TeX Live
)
Package graphics Info: Driver file: pdftex.def on input line 94.

(/usr/local/texlive/2015/texmf-dist/tex/latex/pdftex-def/pdftex.def
File: pdftex.def 2011/05/27 v0.06d Graphics/color for pdfTeX

(/usr/local/texlive/2015/texmf-dist/tex/generic/oberdiek/infwarerr.sty
Package: infwarerr 2010/04/08 v1.3 Providing info/warning/error messages (HO)
)
(/usr/local/texlive/2015/texmf-dist/tex/generic/oberdiek/ltxcmds.sty
Package: ltxcmds 2011/11/09 v1.22 LaTeX kernel commands for general use (HO)
)
\Gread@gobject=\count99
))
\Gin@req@height=\dimen112
\Gin@req@width=\dimen113
)
(/usr/local/texlive/2015/texmf-dist/tex/latex/psfrag/psfrag.sty
Package: psfrag 1998/04/11 v3.04 PSfrag (MCG)
\pfg@pcount=\count100
\pfg@scount=\count101
\pfg@temp=\write3
)
(/usr/local/texlive/2015/texmf-dist/tex/latex/amsfonts/amsfonts.sty
Package: amsfonts 2013/01/14 v3.01 Basic AMSFonts support
\symAMSa=\mathgroup4
\symAMSb=\mathgroup5
LaTeX Font Info:    Overwriting math alphabet `\mathfrak' in version `bold'
(Font)                  U/euf/m/n --> U/euf/b/n on input line 106.
)
(/usr/local/texlive/2015/texmf-dist/tex/latex/natbib/natbib.sty
Package: natbib 2010/09/13 8.31b (PWD, AO)
\bibhang=\skip47
\bibsep=\skip48
LaTeX Info: Redefining \cite on input line 694.
\c@NAT@ctr=\count102
)
(/usr/local/texlive/2015/texmf-dist/tex/latex/amscls/amsthm.sty
Package: amsthm 2015/03/04 v2.20.2
\thm@style=\toks20
\thm@bodyfont=\toks21
\thm@headfont=\toks22
\thm@notefont=\toks23
\thm@headpunct=\toks24
\thm@preskip=\skip49
\thm@postskip=\skip50
\thm@headsep=\skip51
\dth@everypar=\toks25
)
(/usr/local/texlive/2015/texmf-dist/tex/latex/multirow/multirow.sty
\bigstrutjot=\dimen114
)
(/usr/local/texlive/2015/texmf-dist/tex/latex/tools/hhline.sty
Package: hhline 2014/10/28 v2.03 Table rule package (DPC)
)
(/Users/john/Library/texmf/tex/latex/caption/subcaption.sty
Package: subcaption 2013/04/16 v1.1-75 Sub-captions (AR)

(/Users/john/Library/texmf/tex/latex/caption/caption.sty
Package: caption 2013/05/02 v3.3-89 Customizing captions (AR)

(/Users/john/Library/texmf/tex/latex/caption/caption3.sty
Package: caption3 2013/05/02 v1.6-88 caption3 kernel (AR)
Package caption3 Info: TeX engine: e-TeX on input line 57.
\captionmargin=\dimen115
\captionmargin@=\dimen116
\captionwidth=\dimen117
\caption@tempdima=\dimen118
\caption@indent=\dimen119
\caption@parindent=\dimen120
\caption@hangindent=\dimen121
)
\c@ContinuedFloat=\count103
)
\c@subfigure=\count104
\c@subtable=\count105
)
(/usr/local/texlive/2015/texmf-dist/tex/latex/graphics/color.sty
Package: color 2014/10/28 v1.1a Standard LaTeX Color (DPC)

(/usr/local/texlive/2015/texmf-dist/tex/latex/latexconfig/color.cfg
File: color.cfg 2007/01/18 v1.5 color configuration of teTeX/TeXLive
)
Package color Info: Driver file: pdftex.def on input line 142.

(/usr/local/texlive/2015/texmf-dist/tex/latex/graphics/dvipsnam.def
File: dvipsnam.def 2014/10/14 v3.0j Driver-dependent file (DPC,SPQR)
))
\c@theorem=\count106

(./paper_arxiv.aux)
\openout1 = `paper_arxiv.aux'.

LaTeX Font Info:    Checking defaults for OML/cmm/m/it on input line 102.
LaTeX Font Info:    ... okay on input line 102.
LaTeX Font Info:    Checking defaults for T1/cmr/m/n on input line 102.
LaTeX Font Info:    ... okay on input line 102.
LaTeX Font Info:    Checking defaults for OT1/cmr/m/n on input line 102.
LaTeX Font Info:    ... okay on input line 102.
LaTeX Font Info:    Checking defaults for OMS/cmsy/m/n on input line 102.
LaTeX Font Info:    ... okay on input line 102.
LaTeX Font Info:    Checking defaults for OMX/cmex/m/n on input line 102.
LaTeX Font Info:    ... okay on input line 102.
LaTeX Font Info:    Checking defaults for U/cmr/m/n on input line 102.
LaTeX Font Info:    ... okay on input line 102.

(/usr/local/texlive/2015/texmf-dist/tex/context/base/supp-pdf.mkii
[Loading MPS to PDF converter (version 2006.09.02).]
\scratchcounter=\count107
\scratchdimen=\dimen122
\scratchbox=\box28
\nofMPsegments=\count108
\nofMParguments=\count109
\everyMPshowfont=\toks26
\MPscratchCnt=\count110
\MPscratchDim=\dimen123
\MPnumerator=\count111
\makeMPintoPDFobject=\count112
\everyMPtoPDFconversion=\toks27
) (/usr/local/texlive/2015/texmf-dist/tex/generic/oberdiek/pdftexcmds.sty
Package: pdftexcmds 2011/11/29 v0.20 Utility functions of pdfTeX for LuaTeX (HO
)

(/usr/local/texlive/2015/texmf-dist/tex/generic/oberdiek/ifluatex.sty
Package: ifluatex 2010/03/01 v1.3 Provides the ifluatex switch (HO)
Package ifluatex Info: LuaTeX not detected.
)
(/usr/local/texlive/2015/texmf-dist/tex/generic/oberdiek/ifpdf.sty
Package: ifpdf 2011/01/30 v2.3 Provides the ifpdf switch (HO)
Package ifpdf Info: pdfTeX in PDF mode is detected.
)
Package pdftexcmds Info: LuaTeX not detected.
Package pdftexcmds Info: \pdf@primitive is available.
Package pdftexcmds Info: \pdf@ifprimitive is available.
Package pdftexcmds Info: \pdfdraftmode found.
)
(/usr/local/texlive/2015/texmf-dist/tex/latex/oberdiek/epstopdf-base.sty
Package: epstopdf-base 2010/02/09 v2.5 Base part for package epstopdf

(/usr/local/texlive/2015/texmf-dist/tex/latex/oberdiek/grfext.sty
Package: grfext 2010/08/19 v1.1 Manage graphics extensions (HO)

(/usr/local/texlive/2015/texmf-dist/tex/generic/oberdiek/kvdefinekeys.sty
Package: kvdefinekeys 2011/04/07 v1.3 Define keys (HO)
))
(/usr/local/texlive/2015/texmf-dist/tex/latex/oberdiek/kvoptions.sty
Package: kvoptions 2011/06/30 v3.11 Key value format for package options (HO)

(/usr/local/texlive/2015/texmf-dist/tex/generic/oberdiek/kvsetkeys.sty
Package: kvsetkeys 2012/04/25 v1.16 Key value parser (HO)

(/usr/local/texlive/2015/texmf-dist/tex/generic/oberdiek/etexcmds.sty
Package: etexcmds 2011/02/16 v1.5 Avoid name clashes with e-TeX commands (HO)
Package etexcmds Info: Could not find \expanded.
(etexcmds)             That can mean that you are not using pdfTeX 1.50 or
(etexcmds)             that some package has redefined \expanded.
(etexcmds)             In the latter case, load this package earlier.
)))
Package grfext Info: Graphics extension search list:
(grfext)             [.png,.pdf,.jpg,.mps,.jpeg,.jbig2,.jb2,.PNG,.PDF,.JPG,.JPE
G,.JBIG2,.JB2,.eps]
(grfext)             \AppendGraphicsExtensions on input line 452.

(/usr/local/texlive/2015/texmf-dist/tex/latex/latexconfig/epstopdf-sys.cfg
File: epstopdf-sys.cfg 2010/07/13 v1.3 Configuration of (r)epstopdf for TeX Liv
e
))
Package caption Info: Begin \AtBeginDocument code.
Package caption Info: End \AtBeginDocument code.
LaTeX Font Info:    Try loading font information for U+msa on input line 103.

(/usr/local/texlive/2015/texmf-dist/tex/latex/amsfonts/umsa.fd
File: umsa.fd 2013/01/14 v3.01 AMS symbols A
)
LaTeX Font Info:    Try loading font information for U+msb on input line 103.

(/usr/local/texlive/2015/texmf-dist/tex/latex/amsfonts/umsb.fd
File: umsb.fd 2013/01/14 v3.01 AMS symbols B
)
LaTeX Font Info:    Try loading font information for OMS+cmr on input line 103.


(/usr/local/texlive/2015/texmf-dist/tex/latex/base/omscmr.fd
File: omscmr.fd 2014/09/29 v2.5h Standard LaTeX font definitions
)
LaTeX Font Info:    Font shape `OMS/cmr/m/n' in size <10> not available
(Font)              Font shape `OMS/cmsy/m/n' tried instead on input line 103.
LaTeX Font Info:    Font shape `OMS/cmr/m/n' in size <7> not available
(Font)              Font shape `OMS/cmsy/m/n' tried instead on input line 103.

pdfTeX warning (Object streams): \pdfobjcompresslevel > 0 requires \pdfminorver
sion > 4. Object streams disabled now.
[1
Non-PDF special ignored!

{/usr/local/texlive/2015/texmf-var/fonts/map/pdftex/updmap/pdftex.map}] [2] [3]
 [4] [5] [6] [7] [8]
<speed_of_light_beta.png, id=42, 2127.95pt x 1032.85875pt>
File: speed_of_light_beta.png Graphic file (type png)

<use speed_of_light_beta.png>
Package pdftex.def Info: speed_of_light_beta.png used on input line 247.
(pdftex.def)             Requested size: 289.07999pt x 140.31248pt.

<speed_of_light_predictive.png, id=44, 2546.51375pt x 1504.62125pt>
File: speed_of_light_predictive.png Graphic file (type png)

<use speed_of_light_predictive.png>
Package pdftex.def Info: speed_of_light_predictive.png used on input line 248.
(pdftex.def)             Requested size: 289.07999pt x 170.78934pt.
 [9] [10 <./speed_of_light_beta.png> <./speed_of_light_predictive.png>]
<calls_predictive.png, id=53, 2107.875pt x 1505.625pt>
File: calls_predictive.png Graphic file (type png)

<use calls_predictive.png>
Package pdftex.def Info: calls_predictive.png used on input line 270.
(pdftex.def)             Requested size: 289.07999pt x 206.46695pt.
 [11] [12] [13 <./calls_predictive.png>] [14]
Overfull \hbox (24.02957pt too wide) in paragraph at lines 331--336
[]\OT1/cmr/m/n/12 For a typ-i-cal model and con-di-tion-ing statis-tic, the sec
-ond full con-di-tional $\OML/cmm/m/it/12 f\OT1/cmr/m/n/12 ([]\OMS/cmsy/m/n/12 
j[]\OML/cmm/m/it/12 ; T\OT1/cmr/m/n/12 ([]) =
 []

[15] [16] [17] [18] <minSS3dSampleSpace.jpg, id=87, 387.69844pt x 411.78844pt>
File: minSS3dSampleSpace.jpg Graphic file (type jpg)

<use minSS3dSampleSpace.jpg>
Package pdftex.def Info: minSS3dSampleSpace.jpg used on input line 384.
(pdftex.def)             Requested size: 198.7425pt x 211.09633pt.
 [19 <./minSS3dSampleSpace.jpg>]

pdfTeX warning: /Library/TeX/texbin/pdflatex (file ./minSSZSpace3.pdf): PDF inc
lusion: found PDF version <1.6>, but at most version <1.4> allowed
<minSSZSpace3.pdf, id=92, 505.89pt x 505.89pt>
File: minSSZSpace3.pdf Graphic file (type pdf)
 <use minSSZSpace3.pdf>
Package pdftex.def Info: minSSZSpace3.pdf used on input line 435.
(pdftex.def)             Requested size: 209.58255pt x 209.58534pt.


pdfTeX warning: /Library/TeX/texbin/pdflatex (file ./minSSZSpace5.pdf): PDF inc
lusion: found PDF version <1.6>, but at most version <1.4> allowed
<minSSZSpace5.pdf, id=93, 505.89pt x 505.89pt>
File: minSSZSpace5.pdf Graphic file (type pdf)
 <use minSSZSpace5.pdf>
Package pdftex.def Info: minSSZSpace5.pdf used on input line 436.
(pdftex.def)             Requested size: 209.58255pt x 209.58534pt.
 [20]
[21 <./minSSZSpace3.pdf> <./minSSZSpace5.pdf>] [22] [23] [24]
<priors_sigma2.png, id=133, 1806.75pt x 1204.5pt>
File: priors_sigma2.png Graphic file (type png)
 <use priors_sigma2.png>
Package pdftex.def Info: priors_sigma2.png used on input line 560.
(pdftex.def)             Requested size: 289.07999pt x 192.70555pt.

[25]
Overfull \hbox (55.5042pt too wide) in paragraph at lines 571--573
\OT1/cmr/m/n/12 tween the $\OML/cmm/m/it/12 K \OT1/cmr/m/n/12 = 30$ repli-cates
 in the sim-u-la-tion: $\OML/cmm/m/it/12 SE\OT1/cmr/m/n/12 ([][]) = []$
 []

[26 <./priors_sigma2.png>]
<kl_sim2_facet_scale.png, id=143, 1806.75pt x 1204.5pt>
File: kl_sim2_facet_scale.png Graphic file (type png)

<use kl_sim2_facet_scale.png>
Package pdftex.def Info: kl_sim2_facet_scale.png used on input line 581.
(pdftex.def)             Requested size: 289.07999pt x 192.70555pt.
 [27]
<kl_sim2_mnp.png, id=147, 1806.75pt x 1204.5pt>
File: kl_sim2_mnp.png Graphic file (type png)
 <use kl_sim2_mnp.png>
Package pdftex.def Info: kl_sim2_mnp.png used on input line 590.
(pdftex.def)             Requested size: 289.07999pt x 192.70555pt.
 [28 <./kl_sim2_facet_scale.png>] [29 <./kl_sim2_mnp.png>]
<scatter_by_state.png, id=156, 1806.75pt x 1204.5pt>
File: scatter_by_state.png Graphic file (type png)

<use scatter_by_state.png>
Package pdftex.def Info: scatter_by_state.png used on input line 613.
(pdftex.def)             Requested size: 361.34999pt x 240.89574pt.
 [30] [31 <./scatter_by_state.png>] [32] [33]
[34] <tlm_base_Student-t.png, id=174, 1806.75pt x 1204.5pt>
File: tlm_base_Student-t.png Graphic file (type png)

<use tlm_base_Student-t.png>
Package pdftex.def Info: tlm_base_Student-t.png used on input line 678.
(pdftex.def)             Requested size: 433.62pt x 289.06752pt.

<tlm_base_Student-tbyTrimming.png, id=175, 1806.75pt x 1204.5pt>
File: tlm_base_Student-tbyTrimming.png Graphic file (type png)

<use tlm_base_Student-tbyTrimming.png>
Package pdftex.def Info: tlm_base_Student-tbyTrimming.png used on input line 68
5.
(pdftex.def)             Requested size: 433.62pt x 289.06752pt.
 [35 <./tlm_base_Student-t.png>] [36 <./tlm_base_Student-tbyTrimming.png>] [37]

<hier_average_tlm.png, id=188, 1806.75pt x 1204.5pt>
File: hier_average_tlm.png Graphic file (type png)

<use hier_average_tlm.png>
Package pdftex.def Info: hier_average_tlm.png used on input line 732.
(pdftex.def)             Requested size: 433.62pt x 289.06752pt.
 [38]
<hier_ave_tlm_state.png, id=192, 2258.4375pt x 1505.625pt>
File: hier_ave_tlm_state.png Graphic file (type png)

<use hier_ave_tlm_state.png>
Package pdftex.def Info: hier_ave_tlm_state.png used on input line 743.
(pdftex.def)             Requested size: 491.43622pt x 327.60864pt.

Overfull \hbox (57.81622pt too wide) in paragraph at lines 743--744
 [][] 
 []

[39 <./hier_average_tlm.png>] [40 <./hier_ave_tlm_state.png>] [41] [42]
Overfull \hbox (5.34499pt too wide) in paragraph at lines 809--815
\OT1/cmr/m/n/12 Thus, by the chain rule $\OMS/cmsy/m/n/12 r\OML/cmm/m/it/12 s\O
T1/cmr/m/n/12 (\OML/cmm/m/it/12 X; []\OT1/cmr/m/n/12 ) = \OML/cmm/m/it/12 Q\OMS
/cmsy/m/n/12 r\OML/cmm/m/it/12 s\OT1/cmr/m/n/12 (\OML/cmm/m/it/12 X; Q[]\OT1/cm
r/m/n/12 ) = \OML/cmm/m/it/12 Q\OMS/cmsy/m/n/12 r\OML/cmm/m/it/12 s\OT1/cmr/m/n
/12 (\OML/cmm/m/it/12 X; []\OT1/cmr/m/n/12 )$. Hence $\OML/cmm/m/it/12 X[]\OMS/
cmsy/m/n/12 r\OML/cmm/m/it/12 s\OT1/cmr/m/n/12 (\OML/cmm/m/it/12 X; []\OT1/cmr/
m/n/12 ) =
 []

[43] [44] [45] [46] (./paper_arxiv.bbl [47] [48] [49] [50]) [51]
(./paper_arxiv.aux) ) 
Here is how much of TeX's memory you used:
 4450 strings out of 493089
 66490 string characters out of 6134842
 136516 words of memory out of 5000000
 7833 multiletter control sequences out of 15000+600000
 17681 words of font info for 66 fonts, out of 8000000 for 9000
 1141 hyphenation exceptions out of 8191
 42i,15n,40p,2959b,324s stack positions out of 5000i,500n,10000p,200000b,80000s
</usr/local/texlive/2015/texmf-dist/fonts/type1/public/ams
fonts/cm/cmbx10.pfb></usr/local/texlive/2015/texmf-dist/fonts/type1/public/amsf
onts/cm/cmbx12.pfb></usr/local/texlive/2015/texmf-dist/fonts/type1/public/amsfo
nts/cm/cmex10.pfb></usr/local/texlive/2015/texmf-dist/fonts/type1/public/amsfon
ts/cm/cmmi10.pfb></usr/local/texlive/2015/texmf-dist/fonts/type1/public/amsfont
s/cm/cmmi12.pfb></usr/local/texlive/2015/texmf-dist/fonts/type1/public/amsfonts
/cm/cmmi6.pfb></usr/local/texlive/2015/texmf-dist/fonts/type1/public/amsfonts/c
m/cmmi8.pfb></usr/local/texlive/2015/texmf-dist/fonts/type1/public/amsfonts/cm/
cmmib10.pfb></usr/local/texlive/2015/texmf-dist/fonts/type1/public/amsfonts/cme
xtra/cmmib8.pfb></usr/local/texlive/2015/texmf-dist/fonts/type1/public/amsfonts
/cm/cmr10.pfb></usr/local/texlive/2015/texmf-dist/fonts/type1/public/amsfonts/c
m/cmr12.pfb></usr/local/texlive/2015/texmf-dist/fonts/type1/public/amsfonts/cm/
cmr17.pfb></usr/local/texlive/2015/texmf-dist/fonts/type1/public/amsfonts/cm/cm
r6.pfb></usr/local/texlive/2015/texmf-dist/fonts/type1/public/amsfonts/cm/cmr7.
pfb></usr/local/texlive/2015/texmf-dist/fonts/type1/public/amsfonts/cm/cmr8.pfb
></usr/local/texlive/2015/texmf-dist/fonts/type1/public/amsfonts/cm/cmsy10.pfb>
</usr/local/texlive/2015/texmf-dist/fonts/type1/public/amsfonts/cm/cmsy6.pfb></
usr/local/texlive/2015/texmf-dist/fonts/type1/public/amsfonts/cm/cmsy7.pfb></us
r/local/texlive/2015/texmf-dist/fonts/type1/public/amsfonts/cm/cmsy8.pfb></usr/
local/texlive/2015/texmf-dist/fonts/type1/public/amsfonts/cm/cmti10.pfb></usr/l
ocal/texlive/2015/texmf-dist/fonts/type1/public/amsfonts/cm/cmti12.pfb></usr/lo
cal/texlive/2015/texmf-dist/fonts/type1/public/amsfonts/cm/cmtt12.pfb></usr/loc
al/texlive/2015/texmf-dist/fonts/type1/public/amsfonts/symbols/msbm10.pfb>
Output written on paper_arxiv.pdf (51 pages, 2120145 bytes).
PDF statistics:
 309 PDF objects out of 1000 (max. 8388607)
 0 named destinations out of 1000 (max. 500000)
 71 words of extra memory for PDF output out of 10000 (max. 10000000)

